0 info it worked if it ends with ok
1 verbose cli [ '/usr/bin/nodejs', '/usr/bin/npm', '-g', 'install', 'now' ]
2 info using npm@3.5.2
3 info using node@v4.2.6
4 silly loadCurrentTree Starting
5 silly install loadCurrentTree
6 silly install readGlobalPackageData
7 silly fetchPackageMetaData now
8 silly fetchNamedPackageData now
9 silly mapToRegistry name now
10 silly mapToRegistry using default registry
11 silly mapToRegistry registry https://registry.npmjs.org/
12 silly mapToRegistry uri https://registry.npmjs.org/now
13 verbose request uri https://registry.npmjs.org/now
14 verbose request no auth needed
15 info attempt registry request try #1 at 11:54:42 PM
16 verbose request id 4f75d48855b91fc7
17 verbose etag W/"1ef49c449da9a959368a05a7a33b4ed7"
18 verbose lastModified Thu, 20 Sep 2018 14:01:37 GMT
19 http request GET https://registry.npmjs.org/now
20 http 304 https://registry.npmjs.org/now
21 verbose headers { date: 'Thu, 20 Sep 2018 21:54:42 GMT',
21 verbose headers   connection: 'keep-alive',
21 verbose headers   'set-cookie': [ '__cfduid=d442732b77b0633ecf46cc50f677cd4c21537480482; expires=Fri, 20-Sep-19 21:54:42 GMT; path=/; domain=.registry.npmjs.org; HttpOnly' ],
21 verbose headers   'cf-cache-status': 'HIT',
21 verbose headers   'cache-control': 'max-age=300',
21 verbose headers   'cf-ray': '45d78837ab7442a9-OSL',
21 verbose headers   etag: '"1ef49c449da9a959368a05a7a33b4ed7"',
21 verbose headers   'expect-ct': 'max-age=604800, report-uri="https://report-uri.cloudflare.com/cdn-cgi/beacon/expect-ct"',
21 verbose headers   'last-modified': 'Thu, 20 Sep 2018 14:01:37 GMT',
21 verbose headers   vary: 'accept-encoding, accept',
21 verbose headers   'x-amz-meta-rev': '640-61649d379de0fe4dd082a7e8186d2d99',
21 verbose headers   server: 'cloudflare' }
22 silly get cb [ 304,
22 silly get   { date: 'Thu, 20 Sep 2018 21:54:42 GMT',
22 silly get     connection: 'keep-alive',
22 silly get     'set-cookie': [ '__cfduid=d442732b77b0633ecf46cc50f677cd4c21537480482; expires=Fri, 20-Sep-19 21:54:42 GMT; path=/; domain=.registry.npmjs.org; HttpOnly' ],
22 silly get     'cf-cache-status': 'HIT',
22 silly get     'cache-control': 'max-age=300',
22 silly get     'cf-ray': '45d78837ab7442a9-OSL',
22 silly get     etag: '"1ef49c449da9a959368a05a7a33b4ed7"',
22 silly get     'expect-ct': 'max-age=604800, report-uri="https://report-uri.cloudflare.com/cdn-cgi/beacon/expect-ct"',
22 silly get     'last-modified': 'Thu, 20 Sep 2018 14:01:37 GMT',
22 silly get     vary: 'accept-encoding, accept',
22 silly get     'x-amz-meta-rev': '640-61649d379de0fe4dd082a7e8186d2d99',
22 silly get     server: 'cloudflare' } ]
23 verbose etag https://registry.npmjs.org/now from cache
24 verbose get saving now to /home/tea/.npm/registry.npmjs.org/now/.cache.json
25 silly install normalizeTree
26 silly loadCurrentTree Finishing
27 silly loadIdealTree Starting
28 silly install loadIdealTree
29 silly cloneCurrentTree Starting
30 silly install cloneCurrentTreeToIdealTree
31 silly cloneCurrentTree Finishing
32 silly loadShrinkwrap Starting
33 silly install loadShrinkwrap
34 silly loadShrinkwrap Finishing
35 silly loadAllDepsIntoIdealTree Starting
36 silly install loadAllDepsIntoIdealTree
37 silly resolveWithNewModule now@12.0.0-canary.88 checking installable status
38 silly cache add args [ 'now', null ]
39 verbose cache add spec now
40 silly cache add parsed spec Result {
40 silly cache add   raw: 'now',
40 silly cache add   scope: null,
40 silly cache add   name: 'now',
40 silly cache add   rawSpec: '',
40 silly cache add   spec: 'latest',
40 silly cache add   type: 'tag' }
41 silly addNamed now@latest
42 verbose addNamed "latest" is being treated as a dist-tag for now
43 info addNameTag [ 'now', 'latest' ]
44 silly mapToRegistry name now
45 silly mapToRegistry using default registry
46 silly mapToRegistry registry https://registry.npmjs.org/
47 silly mapToRegistry uri https://registry.npmjs.org/now
48 verbose addNameTag registry:https://registry.npmjs.org/now not in flight; fetching
49 verbose get https://registry.npmjs.org/now not expired, no request
50 silly addNameTag next cb for now with tag latest
51 silly addNamed now@12.0.0-canary.88
52 verbose addNamed "12.0.0-canary.88" is a plain semver version for now
53 silly cache afterAdd now@12.0.0-canary.88
54 verbose afterAdd /home/tea/.npm/now/12.0.0-canary.88/package/package.json not in flight; writing
55 verbose afterAdd /home/tea/.npm/now/12.0.0-canary.88/package/package.json written
56 silly loadAllDepsIntoIdealTree Finishing
57 silly idealTree:prePrune lib
57 silly idealTree:prePrune └── now@12.0.0-canary.88
58 silly loadIdealTree Finishing
59 silly currentTree lib
60 silly idealTree lib
60 silly idealTree └── now@12.0.0-canary.88
61 silly generateActionsToTake Starting
62 silly install generateActionsToTake
63 silly generateActionsToTake Finishing
64 silly diffTrees action count 1
65 silly diffTrees add now@12.0.0-canary.88
66 silly decomposeActions action count 8
67 silly decomposeActions fetch now@12.0.0-canary.88
68 silly decomposeActions extract now@12.0.0-canary.88
69 silly decomposeActions test now@12.0.0-canary.88
70 silly decomposeActions preinstall now@12.0.0-canary.88
71 silly decomposeActions build now@12.0.0-canary.88
72 silly decomposeActions install now@12.0.0-canary.88
73 silly decomposeActions postinstall now@12.0.0-canary.88
74 silly decomposeActions finalize now@12.0.0-canary.88
75 silly executeActions Starting
76 silly install executeActions
77 silly doSerial global-install 0
78 silly doParallel fetch 1
79 verbose makeDirectory /home/tea/.npm/_locks creation not in flight; initializing
80 silly makeDirectory /home/tea/.npm/_locks uid: 1000 gid: 1000
81 verbose lock using /home/tea/.npm/_locks/staging-3a08f0df5026584d.lock for /usr/local/lib/node_modules/.staging
82 silly doParallel extract 1
83 silly extract now@12.0.0-canary.88
84 verbose unbuild lib/node_modules/.staging/now-b6975e36
85 silly gentlyRm /usr/local/lib/node_modules/.staging/now-b6975e36 is being purged from base /usr/local
86 verbose gentlyRm don't care about contents; nuking /usr/local/lib/node_modules/.staging/now-b6975e36
87 verbose tar unpack /home/tea/.npm/now/12.0.0-canary.88/package.tgz
88 verbose tar unpacking to /usr/local/lib/node_modules/.staging/now-b6975e36
89 silly gentlyRm /usr/local/lib/node_modules/.staging/now-b6975e36 is being purged
90 verbose gentlyRm don't care about contents; nuking /usr/local/lib/node_modules/.staging/now-b6975e36
91 silly gunzTarPerm modes [ '755', '644' ]
92 silly gunzTarPerm extractEntry package.json
93 silly gunzTarPerm extractEntry LICENSE
94 silly gunzTarPerm extractEntry README.md
95 silly gunzTarPerm extractEntry download/dist/download.js
96 silly gunzTarPerm extractEntry download/dist/now
97 silly gunzTarPerm extractEntry download/install.js
98 silly gentlyRm /usr/local/lib/node_modules/.staging/now-b6975e36/node_modules is being purged
99 verbose gentlyRm don't care about contents; nuking /usr/local/lib/node_modules/.staging/now-b6975e36/node_modules
100 silly doParallel preinstall 1
101 silly preinstall now@12.0.0-canary.88 /usr/local/lib/node_modules/.staging/now-b6975e36
102 info lifecycle now@12.0.0-canary.88~preinstall: now@12.0.0-canary.88
103 silly lifecycle now@12.0.0-canary.88~preinstall: no script for preinstall, continuing
104 silly doReverseSerial remove 0
105 silly doSerial move 0
106 silly doSerial finalize 1
107 silly finalize /usr/local/lib/node_modules/now
108 silly doSerial build 1
109 silly build now@12.0.0-canary.88
110 info linkStuff now@12.0.0-canary.88
111 silly linkStuff now@12.0.0-canary.88 has /usr/local/lib/node_modules as its parent node_modules
112 silly linkStuff now@12.0.0-canary.88 is part of a global install
113 silly linkStuff now@12.0.0-canary.88 is installed into a global node_modules
114 silly linkStuff now@12.0.0-canary.88 is installed into the top-level global node_modules
115 verbose linkBins now@12.0.0-canary.88
116 verbose link bins [ { now: 'download/dist/now' }, '/usr/local/bin', true ]
117 verbose linkMans now@12.0.0-canary.88
118 silly gentlyRm /usr/local/bin/now is being gently removed
119 silly doSerial global-link 0
120 silly doParallel update-linked 0
121 silly doSerial install 1
122 silly install now@12.0.0-canary.88 /usr/local/lib/node_modules/.staging/now-b6975e36
123 info lifecycle now@12.0.0-canary.88~install: now@12.0.0-canary.88
124 silly lifecycle now@12.0.0-canary.88~install: no script for install, continuing
125 silly doSerial postinstall 1
126 silly postinstall now@12.0.0-canary.88 /usr/local/lib/node_modules/.staging/now-b6975e36
127 info lifecycle now@12.0.0-canary.88~postinstall: now@12.0.0-canary.88
128 verbose lifecycle now@12.0.0-canary.88~postinstall: unsafe-perm in lifecycle false
129 verbose lifecycle now@12.0.0-canary.88~postinstall: PATH: /usr/share/npm/bin/node-gyp-bin:/usr/local/lib/node_modules/now/node_modules/.bin:/usr/local/lib/node_modules/.bin:/usr/local/sbin:/usr/local/bin:/usr/sbin:/usr/bin:/sbin:/bin:/snap/bin
130 verbose lifecycle now@12.0.0-canary.88~postinstall: CWD: /usr/local/lib/node_modules/now
131 silly lifecycle now@12.0.0-canary.88~postinstall: Args: [ '-c', 'node download/install.js' ]
132 info lifecycle now@12.0.0-canary.88~postinstall: Failed to exec postinstall script
133 verbose unlock done using /home/tea/.npm/_locks/staging-3a08f0df5026584d.lock for /usr/local/lib/node_modules/.staging
134 silly rollbackFailedOptional Starting
135 silly rollbackFailedOptional Finishing
136 silly runTopLevelLifecycles Starting
137 silly runTopLevelLifecycles Finishing
138 silly install printInstalled
139 verbose stack Error: now@12.0.0-canary.88 postinstall: `node download/install.js`
139 verbose stack spawn ENOENT
139 verbose stack     at ChildProcess.<anonymous> (/usr/share/npm/lib/utils/spawn.js:17:16)
139 verbose stack     at emitTwo (events.js:87:13)
139 verbose stack     at ChildProcess.emit (events.js:172:7)
139 verbose stack     at maybeClose (internal/child_process.js:821:16)
139 verbose stack     at Process.ChildProcess._handle.onexit (internal/child_process.js:211:5)
140 verbose pkgid now@12.0.0-canary.88
141 verbose cwd /home/tea/Desktop/teabot
142 error Linux 4.15.0-29-generic
143 error argv "/usr/bin/nodejs" "/usr/bin/npm" "-g" "install" "now"
144 error node v4.2.6
145 error npm  v3.5.2
146 error file sh
147 error code ELIFECYCLE
148 error errno ENOENT
149 error syscall spawn
150 error now@12.0.0-canary.88 postinstall: `node download/install.js`
150 error spawn ENOENT
151 error Failed at the now@12.0.0-canary.88 postinstall script 'node download/install.js'.
151 error Make sure you have the latest version of node.js and npm installed.
151 error If you do, this is most likely a problem with the now package,
151 error not with npm itself.
151 error Tell the author that this fails on your system:
151 error     node download/install.js
151 error You can get information on how to open an issue for this project with:
151 error     npm bugs now
151 error Or if that isn't available, you can get their info via:
151 error     npm owner ls now
151 error There is likely additional logging output above.
152 verbose exit [ 1, true ]
